0 info it worked if it ends with ok
1 verbose cli [ '/home/wangjianan/work/node-v6.10.3-linux-x64/bin/node',
1 verbose cli   '/home/wangjianan/work/node-v6.10.3-linux-x64/bin/npm',
1 verbose cli   'run',
1 verbose cli   'build:prod' ]
2 info using npm@3.10.10
3 info using node@v6.10.3
4 verbose run-script [ 'prebuild:prod', 'build:prod', 'postbuild:prod' ]
5 info lifecycle ring@0.0.0~prebuild:prod: ring@0.0.0
6 silly lifecycle ring@0.0.0~prebuild:prod: no script for prebuild:prod, continuing
7 info lifecycle ring@0.0.0~build:prod: ring@0.0.0
8 verbose lifecycle ring@0.0.0~build:prod: unsafe-perm in lifecycle true
9 verbose lifecycle ring@0.0.0~build:prod: PATH: /home/wangjianan/work/node-v6.10.3-linux-x64/lib/node_modules/npm/bin/node-gyp-bin:/home/wangjianan/work/webStormworkspace/ring/node_modules/.bin:/home/wangjianan/work/node-v6.10.3-linux-x64/bin:/home/wangjianan/work/gradle-2.12/bin:{ZOOKEEPER_HOME}/bin:{JAVA_HOME}/bin:/usr/local/sbin:/usr/local/bin:/usr/sbin:/usr/bin:/sbin:/bin:/usr/games:/usr/local/games:/snap/bin:/snap/bin:/usr/local/mysql/bin/
10 verbose lifecycle ring@0.0.0~build:prod: CWD: /home/wangjianan/work/webStormworkspace/ring
11 silly lifecycle ring@0.0.0~build:prod: Args: [ '-c',
11 silly lifecycle   'npm run clean:dist && webpack --config config/webpack.prod.js' ]
12 silly lifecycle ring@0.0.0~build:prod: Returned: code: 2  signal: null
13 info lifecycle ring@0.0.0~build:prod: Failed to exec build:prod script
14 verbose stack Error: ring@0.0.0 build:prod: `npm run clean:dist && webpack --config config/webpack.prod.js`
14 verbose stack Exit status 2
14 verbose stack     at EventEmitter.<anonymous> (/home/wangjianan/work/node-v6.10.3-linux-x64/lib/node_modules/npm/lib/utils/lifecycle.js:255:16)
14 verbose stack     at emitTwo (events.js:106:13)
14 verbose stack     at EventEmitter.emit (events.js:191:7)
14 verbose stack     at ChildProcess.<anonymous> (/home/wangjianan/work/node-v6.10.3-linux-x64/lib/node_modules/npm/lib/utils/spawn.js:40:14)
14 verbose stack     at emitTwo (events.js:106:13)
14 verbose stack     at ChildProcess.emit (events.js:191:7)
14 verbose stack     at maybeClose (internal/child_process.js:886:16)
14 verbose stack     at Process.ChildProcess._handle.onexit (internal/child_process.js:226:5)
15 verbose pkgid ring@0.0.0
16 verbose cwd /home/wangjianan/work/webStormworkspace/ring
17 error Linux 4.4.0-59-generic
18 error argv "/home/wangjianan/work/node-v6.10.3-linux-x64/bin/node" "/home/wangjianan/work/node-v6.10.3-linux-x64/bin/npm" "run" "build:prod"
19 error node v6.10.3
20 error npm  v3.10.10
21 error code ELIFECYCLE
22 error ring@0.0.0 build:prod: `npm run clean:dist && webpack --config config/webpack.prod.js`
22 error Exit status 2
23 error Failed at the ring@0.0.0 build:prod script 'npm run clean:dist && webpack --config config/webpack.prod.js'.
23 error Make sure you have the latest version of node.js and npm installed.
23 error If you do, this is most likely a problem with the ring package,
23 error not with npm itself.
23 error Tell the author that this fails on your system:
23 error     npm run clean:dist && webpack --config config/webpack.prod.js
23 error You can get information on how to open an issue for this project with:
23 error     npm bugs ring
23 error Or if that isn't available, you can get their info via:
23 error     npm owner ls ring
23 error There is likely additional logging output above.
24 verbose exit [ 1, true ]
